[INFO ] 2025-07-22 23:00:51.176 [main] listeners.ReportListeners::onStart::70 - Test Suite execution started.
[INFO ] 2025-07-22 23:00:53.880 [main] factory.DriverFactory::initializeDriver::29 - Chrome browser launched.
[INFO ] 2025-07-22 23:00:53.906 [main] factory.DriverFactory::initializeDriver::32 - Implicit wait set to 10 seconds.
[INFO ] 2025-07-22 23:00:53.974 [main] factory.DriverFactory::initializeDriver::34 - Webdriver initialised successfully.
[INFO ] 2025-07-22 23:00:53.978 [main] base.BaseTest::setup::22 - Navigated to url: https://www.saucedemo.com
[INFO ] 2025-07-22 23:00:54.540 [main] listeners.ReportListeners::onTestStart::27 - Test case 'testLoginWithValidCredentials' execution started.
[INFO ] 2025-07-22 23:00:54.548 [main] listeners.ReportListeners::onTestStart::28 - Test description - 'Test to verify login with valid credentials.'.
[INFO ] 2025-07-22 23:00:54.837 [main] pages.LoginPage::login::30 - Entered 'standard_user' in the username textbox.
[INFO ] 2025-07-22 23:00:55.069 [main] pages.LoginPage::login::33 - Entered 'secret_sauce' in the password textbox.
[INFO ] 2025-07-22 23:00:55.357 [main] pages.LoginPage::login::36 - Clicked on the Login button.
[INFO ] 2025-07-22 23:00:55.457 [main] pages.ProductsPage::isPageDisplayed::46 - Products page displayed.
[INFO ] 2025-07-22 23:00:55.466 [main] listeners.ReportListeners::onTestSuccess::38 - Test case 'testLoginWithValidCredentials' execution Passed.
[INFO ] 2025-07-22 23:00:58.816 [main] factory.DriverFactory::initializeDriver::29 - Chrome browser launched.
[INFO ] 2025-07-22 23:00:58.952 [main] factory.DriverFactory::initializeDriver::32 - Implicit wait set to 10 seconds.
[INFO ] 2025-07-22 23:00:59.012 [main] factory.DriverFactory::initializeDriver::34 - Webdriver initialised successfully.
[INFO ] 2025-07-22 23:00:59.016 [main] base.BaseTest::setup::22 - Navigated to url: https://www.saucedemo.com
[INFO ] 2025-07-22 23:00:59.907 [main] listeners.ReportListeners::onTestStart::27 - Test case 'testLoginWithLockedCredentials' execution started.
[INFO ] 2025-07-22 23:00:59.909 [main] listeners.ReportListeners::onTestStart::28 - Test description - 'Test to verify login with locked credentials.'.
[INFO ] 2025-07-22 23:00:59.912 [main] listeners.ReportListeners::onTestSkipped::60 - Test case 'testLoginWithLockedCredentials' execution skipped.
[INFO ] 2025-07-22 23:00:59.912 [main] listeners.ReportListeners::onTestSkipped::61 - Exception occured: org.testng.SkipException: This test is Intentionally skipped for ITestListener test.
[INFO ] 2025-07-22 23:01:03.714 [main] factory.DriverFactory::initializeDriver::29 - Chrome browser launched.
[INFO ] 2025-07-22 23:01:03.830 [main] factory.DriverFactory::initializeDriver::32 - Implicit wait set to 10 seconds.
[INFO ] 2025-07-22 23:01:03.915 [main] factory.DriverFactory::initializeDriver::34 - Webdriver initialised successfully.
[INFO ] 2025-07-22 23:01:03.915 [main] base.BaseTest::setup::22 - Navigated to url: https://www.saucedemo.com
[INFO ] 2025-07-22 23:01:04.495 [main] listeners.ReportListeners::onTestStart::27 - Test case 'testLoginWithInvalidCredentials' execution started.
[INFO ] 2025-07-22 23:01:04.497 [main] listeners.ReportListeners::onTestStart::28 - Test description - 'Test to verify login with invalid credentials.'.
[INFO ] 2025-07-22 23:01:04.675 [main] pages.LoginPage::login::30 - Entered '' in the username textbox.
[INFO ] 2025-07-22 23:01:04.799 [main] pages.LoginPage::login::33 - Entered '' in the password textbox.
[INFO ] 2025-07-22 23:01:04.957 [main] pages.LoginPage::login::36 - Clicked on the Login button.
[INFO ] 2025-07-22 23:01:05.057 [main] pages.LoginPage::getErrorText::68 - Error message 'Epic sadface: Username is required' is displayed on Login page.
[INFO ] 2025-07-22 23:01:05.064 [main] listeners.ReportListeners::onTestFailure::46 - Test case 'testLoginWithInvalidCredentials' execution failed.
[INFO ] 2025-07-22 23:01:05.064 [main] listeners.ReportListeners::onTestFailure::47 - Exception occured: java.lang.AssertionError: Error message on the Login Page is incorrect. expected [Username Required] but found [Epic sadface: Username is required]
[INFO ] 2025-07-22 23:01:05.291 [main] listeners.ReportListeners::onTestFailure::49 - Screenshot saved at: C:\Software_Testing\Automation_Testing\automationSnippits\eclipse-workspace\selenium-automation-generate-reports-using-extentReports\screenshots\Screenshot_testLoginWithInvalidCredentials_22072025_230105.png
[INFO ] 2025-07-22 23:01:06.892 [main] factory.DriverFactory::initializeDriver::29 - Chrome browser launched.
[INFO ] 2025-07-22 23:01:06.915 [main] factory.DriverFactory::initializeDriver::32 - Implicit wait set to 10 seconds.
[INFO ] 2025-07-22 23:01:06.991 [main] factory.DriverFactory::initializeDriver::34 - Webdriver initialised successfully.
[INFO ] 2025-07-22 23:01:06.992 [main] base.BaseTest::setup::22 - Navigated to url: https://www.saucedemo.com
[INFO ] 2025-07-22 23:01:07.504 [main] listeners.ReportListeners::onTestStart::27 - Test case 'testLogout' execution started.
[INFO ] 2025-07-22 23:01:07.504 [main] listeners.ReportListeners::onTestStart::28 - Test description - 'Test to verify logout functionality.'.
[INFO ] 2025-07-22 23:01:07.743 [main] pages.LoginPage::login::30 - Entered 'standard_user' in the username textbox.
[INFO ] 2025-07-22 23:01:07.912 [main] pages.LoginPage::login::33 - Entered 'secret_sauce' in the password textbox.
[INFO ] 2025-07-22 23:01:08.103 [main] pages.LoginPage::login::36 - Clicked on the Login button.
[INFO ] 2025-07-22 23:01:08.261 [main] pages.ProductsPage::logout::29 - Clicked on the Menu button.
[INFO ] 2025-07-22 23:01:08.927 [main] pages.ProductsPage::logout::32 - Clicked on the Logout link.
[INFO ] 2025-07-22 23:01:08.961 [main] pages.LoginPage::isPageDisplayed::50 - Login page displayed.
[INFO ] 2025-07-22 23:01:08.962 [main] listeners.ReportListeners::onTestSuccess::38 - Test case 'testLogout' execution Passed.
[INFO ] 2025-07-22 23:01:09.166 [main] listeners.ReportListeners::onFinish::76 - Test Suite execution ended.
[INFO ] 2025-07-22 23:01:09.703 [main] listeners.ReportListeners::onFinish::78 - ExtentReport generated.
