<?xml version="1.0" encoding="UTF-8"?>
<!-- Generated by org.testng.reporters.JUnitXMLReporter -->
<testsuite ignored="0" hostname="DESKTOP-11UCV8M" failures="1" tests="5" name="Functional Test" time="15.85" errors="0" timestamp="2025-07-24T00:28:17 IST">
  <testcase classname="tests.LoginTest" name="testLoginWithValidCredentials" time="0.806"/>
  <testcase classname="tests.LoginTest" name="testLoginWithLockedCredentials" time="0.008">
    <skipped/>
  </testcase> <!-- testLoginWithLockedCredentials -->
  <testcase classname="tests.LoginTest" name="testLoginWithBlankCredentials" time="0.531">
    <failure type="java.lang.AssertionError" message="Error message on the Login Page is incorrect. expected [Username Required] but found [Epic sadface: Username is required]">
      <![CDATA[java.lang.AssertionError: Error message on the Login Page is incorrect. expected [Username Required] but found [Epic sadface: Username is required]
at tests.LoginTest.testLoginWithBlankCredentials(LoginTest.java:41)
at java.base/java.util.ArrayList.forEach(ArrayList.java:1596)
... Removed 30 stack frames]]>
    </failure>
  </testcase> <!-- testLoginWithBlankCredentials -->
  <testcase classname="tests.LoginTest" name="testLoginWithInvalidCredentials" time="0.569"/>
  <testcase classname="tests.LogoutTest" name="testLogout" time="1.527"/>
</testsuite> <!-- Functional Test -->
